[2025-04-06T18:57:16.417Z] POST /api/v1/auth/login 200 447.945 ms
[2025-04-07T05:14:01.148Z] POST /api/v1/rating 404 1.124 ms
[2025-04-07T05:14:59.887Z] POST /api/v1/review 401 4.835 ms
[2025-04-07T05:15:06.202Z] POST /api/v1/auth/login 200 325.676 ms
[2025-04-07T05:15:17.038Z] POST /api/v1/review 201 361.497 ms
[2025-04-07T05:16:08.745Z] POST /api/v1/review 201 562.110 ms
[2025-04-07T05:16:50.679Z] GET /api/v1/review 401 0.669 ms
[2025-04-07T05:17:11.404Z] GET /api/v1/review/67f2abf71bbff89957a9f628 200 268.332 ms
[2025-04-07T05:17:46.483Z] GET /api/v1/review/67f2abf71bbff89957a9f628 500 185.295 ms
[2025-04-07T05:18:05.445Z] GET /api/v1/review/67f2abf71bbff89957a9f628 500 233.365 ms
[2025-04-07T05:18:42.319Z] GET /api/v1/review/67f2abf71bbff89957a9f628 200 405.903 ms
[2025-04-07T05:21:44.839Z] PUT /api/v1/review/67f2abf71bbff89957a9f628 401 2.466 ms
[2025-04-07T05:22:01.126Z] PUT /api/v1/review/67f2abf71bbff89957a9f628 400 907.244 ms
[2025-04-07T05:22:11.841Z] PUT /api/v1/review/67f2abf71bbff89957a9f628 404 3336.923 ms
[2025-04-07T05:23:06.308Z] PUT /api/v1/review/67f35f643247343ea05d7269 200 14314.191 ms
[2025-04-07T05:25:37.465Z] DELETE /api/v1/review/67f35f983247343ea05d7270 500 1391.874 ms
[2025-04-07T05:26:06.700Z] DELETE /api/v1/review/67f35f643247343ea05d7269 500 191.792 ms
[2025-04-07T05:26:55.221Z] POST /api/v1/review 201 907.390 ms
[2025-04-07T05:27:50.475Z] DELETE /api/v1/review/67f35f643247343ea05d7269 500 504.288 ms
[2025-04-07T05:28:48.106Z] DELETE /api/v1/review/67f35f643247343ea05d7269 200 514.619 ms
[2025-04-07T05:29:35.902Z] POST /api/v1/review 201 618.158 ms
[2025-04-07T05:30:29.659Z] DELETE /api/v1/review/67f362bf28ab0976d1528ca1 401 4.856 ms
[2025-04-07T05:30:33.890Z] POST /api/v1/auth/login 200 466.035 ms
[2025-04-07T05:30:47.207Z] DELETE /api/v1/review/67f362bf28ab0976d1528ca1 200 545.626 ms
[2025-04-07T05:31:22.624Z] POST /api/v1/review 401 7.826 ms
[2025-04-07T05:31:45.724Z] POST /api/v1/review 201 6826.584 ms
[2025-04-07T05:59:34.904Z] POST /api/v1/auth/login 200 941.682 ms
[2025-04-07T05:59:54.966Z] POST /api/v1/product 400 85.840 ms
